<?xml version="1.0" encoding="UTF-8"?>
<testsuites name="Mocha Tests" time="6.8290" tests="6" failures="0">
  <testsuite name="Root Suite" timestamp="2022-05-30T12:24:32" tests="0" file="cypress/integration/ag-grid-helu-spec.js" time="0.0000" failures="0">
  </testsuite>
  <testsuite name="ag-grid scenarios" timestamp="2022-05-30T12:24:32" tests="6" time="6.8290" failures="0">
    <testcase name="ag-grid scenarios verify table data" time="1.3690" classname="verify table data">
    </testcase>
    <testcase name="ag-grid scenarios filter table by checkbox" time="2.6740" classname="filter table by checkbox">
    </testcase>
    <testcase name="ag-grid scenarios only validate select column data" time="0.3400" classname="only validate select column data">
    </testcase>
    <testcase name="ag-grid scenarios remove column from grid and verify select column data" time="0.9910" classname="remove column from grid and verify select column data">
    </testcase>
    <testcase name="ag-grid scenarios add column" time="1.0120" classname="add column">
    </testcase>
    <testcase name="ag-grid scenarios expand row and verify table" time="0.4430" classname="expand row and verify table">
    </testcase>
  </testsuite>
</testsuites>